

Processing MainController#index (for 127.0.0.1 at 2012-01-02 16:37:25) [GET]


CGI::Session::CookieStore::TamperedWithCookie (CGI::Session::CookieStore::TamperedWithCookie):
    /vendor/rails/actionpack/lib/action_controller/session/cookie_store.rb:145:in `unmarshal'
    /vendor/rails/actionpack/lib/action_controller/session/cookie_store.rb:102:in `restore'
    /usr/lib/ruby/1.8/cgi/session.rb:312:in `[]'
    /vendor/rails/actionpack/lib/action_controller/cgi_process.rb:98:in `session'
    /vendor/rails/actionpack/lib/action_controller/cgi_process.rb:130:in `stale_session_check!'
    /vendor/rails/actionpack/lib/action_controller/cgi_process.rb:78:in `session'
    /vendor/rails/actionpack/lib/action_controller/base.rb:1208:in `assign_shortcuts_without_flash'
    /vendor/rails/actionpack/lib/action_controller/flash.rb:166:in `assign_shortcuts'
    /vendor/rails/actionpack/lib/action_controller/base.rb:519:in `process_without_filters'
    /vendor/rails/actionpack/lib/action_controller/filters.rb:606:in `process_without_session_management_support'
    /vendor/rails/actionpack/lib/action_controller/session_management.rb:134:in `process'
    /vendor/rails/actionpack/lib/action_controller/base.rb:392:in `process'
    /vendor/rails/actionpack/lib/action_controller/dispatcher.rb:184:in `handle_request'
    /vendor/rails/actionpack/lib/action_controller/dispatcher.rb:112:in `dispatch_unlocked'
    /vendor/rails/actionpack/lib/action_controller/dispatcher.rb:125:in `dispatch'
    /vendor/rails/actionpack/lib/action_controller/dispatcher.rb:124:in `synchronize'
    /vendor/rails/actionpack/lib/action_controller/dispatcher.rb:124:in `dispatch'
    /vendor/rails/actionpack/lib/action_controller/dispatcher.rb:134:in `dispatch_cgi'
    /vendor/rails/actionpack/lib/action_controller/dispatcher.rb:41:in `dispatch'
    /var/lib/gems/1.8/gems/mongrel-1.1.5/bin/../lib/mongrel/rails.rb:76:in `process'
    /var/lib/gems/1.8/gems/mongrel-1.1.5/bin/../lib/mongrel/rails.rb:74:in `synchronize'
    /var/lib/gems/1.8/gems/mongrel-1.1.5/bin/../lib/mongrel/rails.rb:74:in `process'
    /var/lib/gems/1.8/gems/mongrel-1.1.5/lib/mongrel.rb:159:in `process_client'
    /var/lib/gems/1.8/gems/mongrel-1.1.5/lib/mongrel.rb:158:in `each'
    /var/lib/gems/1.8/gems/mongrel-1.1.5/lib/mongrel.rb:158:in `process_client'
    /var/lib/gems/1.8/gems/mongrel-1.1.5/lib/mongrel.rb:285:in `run'
    /var/lib/gems/1.8/gems/mongrel-1.1.5/lib/mongrel.rb:285:in `initialize'
    /var/lib/gems/1.8/gems/mongrel-1.1.5/lib/mongrel.rb:285:in `new'
    /var/lib/gems/1.8/gems/mongrel-1.1.5/lib/mongrel.rb:285:in `run'
    /var/lib/gems/1.8/gems/mongrel-1.1.5/lib/mongrel.rb:268:in `initialize'
    /var/lib/gems/1.8/gems/mongrel-1.1.5/lib/mongrel.rb:268:in `new'
    /var/lib/gems/1.8/gems/mongrel-1.1.5/lib/mongrel.rb:268:in `run'
    /var/lib/gems/1.8/gems/mongrel-1.1.5/lib/mongrel/configurator.rb:282:in `run'
    /var/lib/gems/1.8/gems/mongrel-1.1.5/lib/mongrel/configurator.rb:281:in `each'
    /var/lib/gems/1.8/gems/mongrel-1.1.5/lib/mongrel/configurator.rb:281:in `run'
    /var/lib/gems/1.8/gems/mongrel-1.1.5/bin/mongrel_rails:128:in `run'
    /var/lib/gems/1.8/gems/mongrel-1.1.5/lib/mongrel/command.rb:212:in `run'
    /var/lib/gems/1.8/gems/mongrel-1.1.5/bin/mongrel_rails:281
    /vendor/rails/activesupport/lib/active_support/dependencies.rb:142:in `load_without_new_constant_marking'
    /vendor/rails/activesupport/lib/active_support/dependencies.rb:142:in `load'
    /vendor/rails/activesupport/lib/active_support/dependencies.rb:521:in `new_constants_in'
    /vendor/rails/activesupport/lib/active_support/dependencies.rb:142:in `load'
    /vendor/rails/railties/lib/commands/servers/mongrel.rb:64
    /usr/lib/ruby/1.8/rubygems/custom_require.rb:31:in `gem_original_require'
    /usr/lib/ruby/1.8/rubygems/custom_require.rb:31:in `require'
    /vendor/rails/activesupport/lib/active_support/dependencies.rb:153:in `require'
    /vendor/rails/activesupport/lib/active_support/dependencies.rb:521:in `new_constants_in'
    /vendor/rails/activesupport/lib/active_support/dependencies.rb:153:in `require'
    /vendor/rails/railties/lib/commands/server.rb:49
    /usr/lib/ruby/1.8/rubygems/custom_require.rb:31:in `gem_original_require'
    /usr/lib/ruby/1.8/rubygems/custom_require.rb:31:in `require'
    script/server:3

Rendered /home/johnny/carpentry/vendor/rails/actionpack/lib/action_controller/templates/rescues/_trace (24.1ms)
Rendered /home/johnny/carpentry/vendor/rails/actionpack/lib/action_controller/templates/rescues/_request_and_response (0.8ms)
Rendering /home/johnny/carpentry/vendor/rails/actionpack/lib/action_controller/templates/rescues/layout.erb (internal_server_error)
  [4;36;1mSQL (0.4ms)[0m   [0;1m SELECT name
 FROM sqlite_master
 WHERE type = 'table' AND NOT name = 'sqlite_sequence'
[0m
  [4;35;1mSQL (0.2ms)[0m   [0mselect sqlite_version(*)[0m
  [4;36;1mSQL (163.8ms)[0m   [0;1mCREATE TABLE "schema_migrations" ("version" varchar(255) NOT NULL) [0m
  [4;35;1mSQL (101.9ms)[0m   [0mCREATE UNIQUE INDEX "unique_schema_migrations" ON "schema_migrations" ("version")[0m
  [4;36;1mSQL (0.4ms)[0m   [0;1m SELECT name
 FROM sqlite_master
 WHERE type = 'table' AND NOT name = 'sqlite_sequence'
[0m
  [4;35;1mSQL (0.4ms)[0m   [0m SELECT name
 FROM sqlite_master
 WHERE type = 'table' AND NOT name = 'sqlite_sequence'
[0m
  [4;36;1mSQL (0.2ms)[0m   [0;1mSELECT version FROM schema_migrations[0m
  [4;35;1mSQL (0.3ms)[0m   [0m SELECT name
 FROM sqlite_master
 WHERE type = 'table' AND NOT name = 'sqlite_sequence'
[0m


Processing MainController#index (for 127.0.0.1 at 2012-01-02 16:40:47) [GET]
Rendering main/index


ActionView::MissingTemplate (Missing template main/index.erb in view path /home/johnny/carpentry/app/views:):
    /vendor/rails/actionpack/lib/action_view/template.rb:95:in `find_full_path'
    /vendor/rails/actionpack/lib/action_view/template.rb:16:in `initialize'
    /vendor/rails/actionpack/lib/action_view/base.rb:334:in `new'
    /vendor/rails/actionpack/lib/action_view/base.rb:334:in `_unmemoized__pick_template'
    /vendor/rails/activesupport/lib/active_support/memoizable.rb:70:in `_pick_template'
    /vendor/rails/actionpack/lib/action_view/base.rb:256:in `render'
    /vendor/rails/actionpack/lib/action_controller/base.rb:1177:in `render_for_file'
    /vendor/rails/actionpack/lib/action_controller/base.rb:896:in `render_without_benchmark'
    /vendor/rails/actionpack/lib/action_controller/benchmarking.rb:51:in `render'
    /vendor/rails/activesupport/lib/active_support/core_ext/benchmark.rb:8:in `realtime'
    /vendor/rails/actionpack/lib/action_controller/benchmarking.rb:51:in `render'
    /vendor/rails/actionpack/lib/action_controller/base.rb:868:in `render_without_benchmark'
    /vendor/rails/actionpack/lib/action_controller/benchmarking.rb:51:in `render'
    /vendor/rails/activesupport/lib/active_support/core_ext/benchmark.rb:8:in `realtime'
    /vendor/rails/actionpack/lib/action_controller/benchmarking.rb:51:in `render'
    /vendor/rails/actionpack/lib/action_controller/base.rb:1251:in `default_render'
    /vendor/rails/actionpack/lib/action_controller/base.rb:1257:in `perform_action_without_filters'
    /vendor/rails/actionpack/lib/action_controller/filters.rb:617:in `call_filters'
    /vendor/rails/actionpack/lib/action_controller/filters.rb:610:in `perform_action_without_benchmark'
    /vendor/rails/actionpack/lib/action_controller/benchmarking.rb:68:in `perform_action_without_rescue'
    /usr/lib/ruby/1.8/benchmark.rb:293:in `measure'
    /vendor/rails/actionpack/lib/action_controller/benchmarking.rb:68:in `perform_action_without_rescue'
    /vendor/rails/actionpack/lib/action_controller/rescue.rb:136:in `perform_action_without_caching'
    /vendor/rails/actionpack/lib/action_controller/caching/sql_cache.rb:13:in `perform_action'
    /vendor/rails/activerecord/lib/active_record/connection_adapters/abstract/query_cache.rb:34:in `cache'
    /vendor/rails/activerecord/lib/active_record/query_cache.rb:8:in `cache'
    /vendor/rails/actionpack/lib/action_controller/caching/sql_cache.rb:12:in `perform_action'
    /vendor/rails/actionpack/lib/action_controller/base.rb:524:in `send'
    /vendor/rails/actionpack/lib/action_controller/base.rb:524:in `process_without_filters'
    /vendor/rails/actionpack/lib/action_controller/filters.rb:606:in `process_without_session_management_support'
    /vendor/rails/actionpack/lib/action_controller/session_management.rb:134:in `process'
    /vendor/rails/actionpack/lib/action_controller/base.rb:392:in `process'
    /vendor/rails/actionpack/lib/action_controller/dispatcher.rb:184:in `handle_request'
    /vendor/rails/actionpack/lib/action_controller/dispatcher.rb:112:in `dispatch_unlocked'
    /vendor/rails/actionpack/lib/action_controller/dispatcher.rb:125:in `dispatch'
    /vendor/rails/actionpack/lib/action_controller/dispatcher.rb:124:in `synchronize'
    /vendor/rails/actionpack/lib/action_controller/dispatcher.rb:124:in `dispatch'
    /vendor/rails/actionpack/lib/action_controller/dispatcher.rb:134:in `dispatch_cgi'
    /vendor/rails/actionpack/lib/action_controller/dispatcher.rb:41:in `dispatch'
    /var/lib/gems/1.8/gems/mongrel-1.1.5/bin/../lib/mongrel/rails.rb:76:in `process'
    /var/lib/gems/1.8/gems/mongrel-1.1.5/bin/../lib/mongrel/rails.rb:74:in `synchronize'
    /var/lib/gems/1.8/gems/mongrel-1.1.5/bin/../lib/mongrel/rails.rb:74:in `process'
    /var/lib/gems/1.8/gems/mongrel-1.1.5/lib/mongrel.rb:159:in `process_client'
    /var/lib/gems/1.8/gems/mongrel-1.1.5/lib/mongrel.rb:158:in `each'
    /var/lib/gems/1.8/gems/mongrel-1.1.5/lib/mongrel.rb:158:in `process_client'
    /var/lib/gems/1.8/gems/mongrel-1.1.5/lib/mongrel.rb:285:in `run'
    /var/lib/gems/1.8/gems/mongrel-1.1.5/lib/mongrel.rb:285:in `initialize'
    /var/lib/gems/1.8/gems/mongrel-1.1.5/lib/mongrel.rb:285:in `new'
    /var/lib/gems/1.8/gems/mongrel-1.1.5/lib/mongrel.rb:285:in `run'
    /var/lib/gems/1.8/gems/mongrel-1.1.5/lib/mongrel.rb:268:in `initialize'
    /var/lib/gems/1.8/gems/mongrel-1.1.5/lib/mongrel.rb:268:in `new'
    /var/lib/gems/1.8/gems/mongrel-1.1.5/lib/mongrel.rb:268:in `run'
    /var/lib/gems/1.8/gems/mongrel-1.1.5/lib/mongrel/configurator.rb:282:in `run'
    /var/lib/gems/1.8/gems/mongrel-1.1.5/lib/mongrel/configurator.rb:281:in `each'
    /var/lib/gems/1.8/gems/mongrel-1.1.5/lib/mongrel/configurator.rb:281:in `run'
    /var/lib/gems/1.8/gems/mongrel-1.1.5/bin/mongrel_rails:128:in `run'
    /var/lib/gems/1.8/gems/mongrel-1.1.5/lib/mongrel/command.rb:212:in `run'
    /var/lib/gems/1.8/gems/mongrel-1.1.5/bin/mongrel_rails:281
    /vendor/rails/activesupport/lib/active_support/dependencies.rb:142:in `load_without_new_constant_marking'
    /vendor/rails/activesupport/lib/active_support/dependencies.rb:142:in `load'
    /vendor/rails/activesupport/lib/active_support/dependencies.rb:521:in `new_constants_in'
    /vendor/rails/activesupport/lib/active_support/dependencies.rb:142:in `load'
    /vendor/rails/railties/lib/commands/servers/mongrel.rb:64
    /usr/lib/ruby/1.8/rubygems/custom_require.rb:31:in `gem_original_require'
    /usr/lib/ruby/1.8/rubygems/custom_require.rb:31:in `require'
    /vendor/rails/activesupport/lib/active_support/dependencies.rb:153:in `require'
    /vendor/rails/activesupport/lib/active_support/dependencies.rb:521:in `new_constants_in'
    /vendor/rails/activesupport/lib/active_support/dependencies.rb:153:in `require'
    /vendor/rails/railties/lib/commands/server.rb:49
    /usr/lib/ruby/1.8/rubygems/custom_require.rb:31:in `gem_original_require'
    /usr/lib/ruby/1.8/rubygems/custom_require.rb:31:in `require'
    script/server:3

Rendering /home/johnny/carpentry/vendor/rails/actionpack/lib/action_controller/templates/rescues/layout.erb (internal_server_error)


Processing MainController#index (for 127.0.0.1 at 2012-01-02 16:44:59) [GET]
Rendering main/index
Completed in 4ms (View: 2, DB: 0) | 200 OK [http://127.0.0.1/main/index]


Processing MainController#index (for 127.0.0.1 at 2012-01-02 16:45:05) [GET]
Rendering main/index
Completed in 5ms (View: 2, DB: 0) | 200 OK [http://127.0.0.1/main/index]


Processing MainController#index (for 127.0.0.1 at 2012-01-02 16:45:30) [GET]
Rendering main/index
Completed in 4ms (View: 1, DB: 0) | 200 OK [http://127.0.0.1/main/index]


Processing MainController#index (for 127.0.0.1 at 2012-01-02 16:49:11) [GET]
Rendering main/index
Completed in 4ms (View: 2, DB: 0) | 200 OK [http://127.0.0.1/main/index]


Processing MainController#index (for 127.0.0.1 at 2012-01-02 16:53:24) [GET]
Rendering main/index
Completed in 6ms (View: 3, DB: 0) | 200 OK [http://127.0.0.1/main/index]


Processing MainController#index (for 127.0.0.1 at 2012-01-02 16:53:36) [GET]
Rendering main/index
Completed in 4ms (View: 2, DB: 0) | 200 OK [http://127.0.0.1/main/index]


Processing MainController#index (for 127.0.0.1 at 2012-01-02 16:53:37) [GET]
Rendering main/index
Completed in 4ms (View: 2, DB: 0) | 200 OK [http://127.0.0.1/main/index]


Processing MainController#index (for 127.0.0.1 at 2012-01-02 16:53:37) [GET]
Rendering main/index
Completed in 4ms (View: 2, DB: 0) | 200 OK [http://127.0.0.1/main/index]


Processing MainController#index (for 127.0.0.1 at 2012-01-02 16:53:37) [GET]
Rendering main/index
Completed in 4ms (View: 2, DB: 0) | 200 OK [http://127.0.0.1/main/index]


Processing MainController#index (for 127.0.0.1 at 2012-01-02 16:53:38) [GET]
Rendering main/index
Completed in 4ms (View: 2, DB: 0) | 200 OK [http://127.0.0.1/main/index]


Processing MainController#index (for 127.0.0.1 at 2012-01-02 16:53:39) [GET]
Rendering main/index
Completed in 4ms (View: 2, DB: 0) | 200 OK [http://127.0.0.1/main/index]


Processing MainController#index (for 127.0.0.1 at 2012-01-02 16:53:39) [GET]
Rendering main/index
Completed in 4ms (View: 2, DB: 0) | 200 OK [http://127.0.0.1/main/index]


Processing MainController#index (for 127.0.0.1 at 2012-01-02 16:53:40) [GET]
Rendering main/index
Completed in 4ms (View: 2, DB: 0) | 200 OK [http://127.0.0.1/main/index]


Processing MainController#index (for 127.0.0.1 at 2012-01-02 17:06:53) [GET]
Rendering main/index
Completed in 4ms (View: 1, DB: 0) | 200 OK [http://127.0.0.1/main/index]


Processing MainController#index (for 127.0.0.1 at 2012-01-02 17:12:58) [GET]
Rendering main/index
Completed in 3ms (View: 1, DB: 0) | 200 OK [http://127.0.0.1/main/index]


Processing MainController#contacrt (for 127.0.0.1 at 2012-01-02 17:17:08) [GET]


ActionController::UnknownAction (No action responded to contacrt. Actions: about, contact, and index):
    /vendor/rails/actionpack/lib/action_controller/filters.rb:617:in `call_filters'
    /vendor/rails/actionpack/lib/action_controller/filters.rb:610:in `perform_action_without_benchmark'
    /vendor/rails/actionpack/lib/action_controller/benchmarking.rb:68:in `perform_action_without_rescue'
    /usr/lib/ruby/1.8/benchmark.rb:293:in `measure'
    /vendor/rails/actionpack/lib/action_controller/benchmarking.rb:68:in `perform_action_without_rescue'
    /vendor/rails/actionpack/lib/action_controller/rescue.rb:136:in `perform_action_without_caching'
    /vendor/rails/actionpack/lib/action_controller/caching/sql_cache.rb:13:in `perform_action'
    /vendor/rails/activerecord/lib/active_record/connection_adapters/abstract/query_cache.rb:34:in `cache'
    /vendor/rails/activerecord/lib/active_record/query_cache.rb:8:in `cache'
    /vendor/rails/actionpack/lib/action_controller/caching/sql_cache.rb:12:in `perform_action'
    /vendor/rails/actionpack/lib/action_controller/base.rb:524:in `send'
    /vendor/rails/actionpack/lib/action_controller/base.rb:524:in `process_without_filters'
    /vendor/rails/actionpack/lib/action_controller/filters.rb:606:in `process_without_session_management_support'
    /vendor/rails/actionpack/lib/action_controller/session_management.rb:134:in `process'
    /vendor/rails/actionpack/lib/action_controller/base.rb:392:in `process'
    /vendor/rails/actionpack/lib/action_controller/dispatcher.rb:184:in `handle_request'
    /vendor/rails/actionpack/lib/action_controller/dispatcher.rb:112:in `dispatch_unlocked'
    /vendor/rails/actionpack/lib/action_controller/dispatcher.rb:125:in `dispatch'
    /vendor/rails/actionpack/lib/action_controller/dispatcher.rb:124:in `synchronize'
    /vendor/rails/actionpack/lib/action_controller/dispatcher.rb:124:in `dispatch'
    /vendor/rails/actionpack/lib/action_controller/dispatcher.rb:134:in `dispatch_cgi'
    /vendor/rails/actionpack/lib/action_controller/dispatcher.rb:41:in `dispatch'
    /var/lib/gems/1.8/gems/mongrel-1.1.5/bin/../lib/mongrel/rails.rb:76:in `process'
    /var/lib/gems/1.8/gems/mongrel-1.1.5/bin/../lib/mongrel/rails.rb:74:in `synchronize'
    /var/lib/gems/1.8/gems/mongrel-1.1.5/bin/../lib/mongrel/rails.rb:74:in `process'
    /var/lib/gems/1.8/gems/mongrel-1.1.5/lib/mongrel.rb:159:in `process_client'
    /var/lib/gems/1.8/gems/mongrel-1.1.5/lib/mongrel.rb:158:in `each'
    /var/lib/gems/1.8/gems/mongrel-1.1.5/lib/mongrel.rb:158:in `process_client'
    /var/lib/gems/1.8/gems/mongrel-1.1.5/lib/mongrel.rb:285:in `run'
    /var/lib/gems/1.8/gems/mongrel-1.1.5/lib/mongrel.rb:285:in `initialize'
    /var/lib/gems/1.8/gems/mongrel-1.1.5/lib/mongrel.rb:285:in `new'
    /var/lib/gems/1.8/gems/mongrel-1.1.5/lib/mongrel.rb:285:in `run'
    /var/lib/gems/1.8/gems/mongrel-1.1.5/lib/mongrel.rb:268:in `initialize'
    /var/lib/gems/1.8/gems/mongrel-1.1.5/lib/mongrel.rb:268:in `new'
    /var/lib/gems/1.8/gems/mongrel-1.1.5/lib/mongrel.rb:268:in `run'
    /var/lib/gems/1.8/gems/mongrel-1.1.5/lib/mongrel/configurator.rb:282:in `run'
    /var/lib/gems/1.8/gems/mongrel-1.1.5/lib/mongrel/configurator.rb:281:in `each'
    /var/lib/gems/1.8/gems/mongrel-1.1.5/lib/mongrel/configurator.rb:281:in `run'
    /var/lib/gems/1.8/gems/mongrel-1.1.5/bin/mongrel_rails:128:in `run'
    /var/lib/gems/1.8/gems/mongrel-1.1.5/lib/mongrel/command.rb:212:in `run'
    /var/lib/gems/1.8/gems/mongrel-1.1.5/bin/mongrel_rails:281
    /vendor/rails/activesupport/lib/active_support/dependencies.rb:142:in `load_without_new_constant_marking'
    /vendor/rails/activesupport/lib/active_support/dependencies.rb:142:in `load'
    /vendor/rails/activesupport/lib/active_support/dependencies.rb:521:in `new_constants_in'
    /vendor/rails/activesupport/lib/active_support/dependencies.rb:142:in `load'
    /vendor/rails/railties/lib/commands/servers/mongrel.rb:64
    /usr/lib/ruby/1.8/rubygems/custom_require.rb:31:in `gem_original_require'
    /usr/lib/ruby/1.8/rubygems/custom_require.rb:31:in `require'
    /vendor/rails/activesupport/lib/active_support/dependencies.rb:153:in `require'
    /vendor/rails/activesupport/lib/active_support/dependencies.rb:521:in `new_constants_in'
    /vendor/rails/activesupport/lib/active_support/dependencies.rb:153:in `require'
    /vendor/rails/railties/lib/commands/server.rb:49
    /usr/lib/ruby/1.8/rubygems/custom_require.rb:31:in `gem_original_require'
    /usr/lib/ruby/1.8/rubygems/custom_require.rb:31:in `require'
    script/server:3

Rendering /home/johnny/carpentry/vendor/rails/actionpack/lib/action_controller/templates/rescues/layout.erb (not_found)


Processing MainController#contact (for 127.0.0.1 at 2012-01-02 17:17:10) [GET]
Rendering main/contact
Completed in 4ms (View: 2, DB: 0) | 200 OK [http://127.0.0.1/main/contact]


Processing MainController#contact (for 127.0.0.1 at 2012-01-02 17:17:29) [GET]
Rendering main/contact
Completed in 5ms (View: 2, DB: 0) | 200 OK [http://127.0.0.1/main/contact]


Processing MainController#contact (for 127.0.0.1 at 2012-01-02 17:17:53) [GET]
Rendering main/contact
Completed in 4ms (View: 2, DB: 0) | 200 OK [http://127.0.0.1/main/contact]


Processing MainController#about (for 127.0.0.1 at 2012-01-02 17:18:03) [GET]
Rendering main/about
Completed in 4ms (View: 2, DB: 0) | 200 OK [http://127.0.0.1/main/about]


Processing MainController#index (for 127.0.0.1 at 2012-01-02 17:18:07) [GET]
Rendering main/index
Completed in 4ms (View: 2, DB: 0) | 200 OK [http://127.0.0.1/main/index]


Processing MainController#index (for 127.0.0.1 at 2012-01-02 17:18:30) [GET]
Rendering main/index
Completed in 4ms (View: 2, DB: 0) | 200 OK [http://127.0.0.1/main/index]


Processing MainController#about (for 127.0.0.1 at 2012-01-02 17:18:35) [GET]
Rendering main/about
Completed in 4ms (View: 2, DB: 0) | 200 OK [http://127.0.0.1/main/about]


Processing MainController#about (for 127.0.0.1 at 2012-01-02 17:18:54) [GET]
Rendering main/about
Completed in 4ms (View: 2, DB: 0) | 200 OK [http://127.0.0.1/main/about]


Processing MainController#index (for 127.0.0.1 at 2012-01-02 17:21:55) [GET]
Rendering main/index
Completed in 4ms (View: 2, DB: 0) | 200 OK [http://127.0.0.1/main/index]


Processing MainController#about (for 127.0.0.1 at 2012-01-02 17:21:57) [GET]
Rendering main/about
Completed in 4ms (View: 2, DB: 0) | 200 OK [http://127.0.0.1/main/about]


Processing MainController#index (for 127.0.0.1 at 2012-01-02 17:22:38) [GET]
Rendering main/index
Completed in 4ms (View: 2, DB: 0) | 200 OK [http://127.0.0.1/main/index]


Processing MainController#about (for 127.0.0.1 at 2012-01-02 17:22:39) [GET]
Rendering main/about
Completed in 4ms (View: 2, DB: 0) | 200 OK [http://127.0.0.1/main/about]


Processing MainController#contact (for 127.0.0.1 at 2012-01-02 17:22:41) [GET]
Rendering main/contact
Completed in 4ms (View: 1, DB: 0) | 200 OK [http://127.0.0.1/main/contact]


Processing MainController#about (for 127.0.0.1 at 2012-01-02 17:22:44) [GET]
Rendering main/about
Completed in 4ms (View: 2, DB: 0) | 200 OK [http://127.0.0.1/main/about]


Processing MainController#contact (for 127.0.0.1 at 2012-01-02 17:22:47) [GET]
Rendering main/contact
Completed in 5ms (View: 2, DB: 0) | 200 OK [http://127.0.0.1/main/contact]


Processing MainController#about (for 127.0.0.1 at 2012-01-02 17:22:49) [GET]
Rendering main/about
Completed in 4ms (View: 2, DB: 0) | 200 OK [http://127.0.0.1/main/about]
